0 info it worked if it ends with ok
1 verbose cli [ '/usr/bin/node', '/usr/bin/npm', 'run', 'lint:nofix' ]
2 info using npm@3.5.2
3 info using node@v8.10.0
4 verbose run-script [ 'prelint:nofix', 'lint:nofix', 'postlint:nofix' ]
5 info lifecycle kutt@2.3.16~prelint:nofix: kutt@2.3.16
6 silly lifecycle kutt@2.3.16~prelint:nofix: no script for prelint:nofix, continuing
7 info lifecycle kutt@2.3.16~lint:nofix: kutt@2.3.16
8 verbose lifecycle kutt@2.3.16~lint:nofix: unsafe-perm in lifecycle true
9 verbose lifecycle kutt@2.3.16~lint:nofix: PATH: /usr/share/npm/bin/node-gyp-bin:/kutt/node_modules/.bin:/kutt/node_modules/.bin:/node_modules/.bin:/usr/bin:/usr/lib/git-core:/root/.vscode-server/bin/cd9ea6488829f560dc949a8b2fb789f3cdc05f5d/bin:/root/.vscode-server/bin/cd9ea6488829f560dc949a8b2fb789f3cdc05f5d/bin:/usr/local/sbin:/usr/local/bin:/usr/sbin:/usr/bin:/sbin:/bin
10 verbose lifecycle kutt@2.3.16~lint:nofix: CWD: /kutt
11 silly lifecycle kutt@2.3.16~lint:nofix: Args: [ '-c', 'eslint server/ --ext .js,.ts' ]
12 silly lifecycle kutt@2.3.16~lint:nofix: Returned: code: 1  signal: null
13 info lifecycle kutt@2.3.16~lint:nofix: Failed to exec lint:nofix script
14 verbose stack Error: kutt@2.3.16 lint:nofix: `eslint server/ --ext .js,.ts`
14 verbose stack Exit status 1
14 verbose stack     at EventEmitter.<anonymous> (/usr/share/npm/lib/utils/lifecycle.js:232:16)
14 verbose stack     at emitTwo (events.js:126:13)
14 verbose stack     at EventEmitter.emit (events.js:214:7)
14 verbose stack     at ChildProcess.<anonymous> (/usr/share/npm/lib/utils/spawn.js:24:14)
14 verbose stack     at emitTwo (events.js:126:13)
14 verbose stack     at ChildProcess.emit (events.js:214:7)
14 verbose stack     at maybeClose (internal/child_process.js:925:16)
14 verbose stack     at Process.ChildProcess._handle.onexit (internal/child_process.js:209:5)
15 verbose pkgid kutt@2.3.16
16 verbose cwd /kutt
17 error Linux 5.3.0-62-generic
18 error argv "/usr/bin/node" "/usr/bin/npm" "run" "lint:nofix"
19 error node v8.10.0
20 error npm  v3.5.2
21 error code ELIFECYCLE
22 error kutt@2.3.16 lint:nofix: `eslint server/ --ext .js,.ts`
22 error Exit status 1
23 error Failed at the kutt@2.3.16 lint:nofix script 'eslint server/ --ext .js,.ts'.
23 error Make sure you have the latest version of node.js and npm installed.
23 error If you do, this is most likely a problem with the kutt package,
23 error not with npm itself.
23 error Tell the author that this fails on your system:
23 error     eslint server/ --ext .js,.ts
23 error You can get information on how to open an issue for this project with:
23 error     npm bugs kutt
23 error Or if that isn't available, you can get their info via:
23 error     npm owner ls kutt
23 error There is likely additional logging output above.
24 verbose exit [ 1, true ]
